2019-10-11 09:56:24 INFO  main org.springframework.context.support.PostProcessorRegistrationDelegate$BeanPostProcessorChecker Bean 'org.springframework.cloud.autoconfigure.ConfigurationPropertiesRebinderAutoConfiguration' of type [org.springframework.cloud.autoconfigure.ConfigurationPropertiesRebinderAutoConfiguration$$EnhancerBySpringCGLIB$$78ce2c1a] is not eligible for getting processed by all BeanPostProcessors (for example: not eligible for auto-proxying)
2019-10-11 09:56:24 INFO  main com.yisu.service.FwServiceBApplication No active profile set, falling back to default profiles: default
2019-10-11 09:56:25 INFO  main org.springframework.cloud.context.scope.GenericScope BeanFactory id=fca7d4f2-bd06-3388-8173-8f5be8d5d285
2019-10-11 09:56:25 INFO  main org.springframework.context.support.PostProcessorRegistrationDelegate$BeanPostProcessorChecker Bean 'org.springframework.cloud.autoconfigure.ConfigurationPropertiesRebinderAutoConfiguration' of type [org.springframework.cloud.autoconfigure.ConfigurationPropertiesRebinderAutoConfiguration$$EnhancerBySpringCGLIB$$78ce2c1a] is not eligible for getting processed by all BeanPostProcessors (for example: not eligible for auto-proxying)
2019-10-11 09:56:26 INFO  main org.springframework.boot.web.embedded.tomcat.TomcatWebServer Tomcat initialized with port(s): 8764 (http)
2019-10-11 09:56:26 INFO  main org.apache.coyote.http11.Http11NioProtocol Initializing ProtocolHandler ["http-nio-8764"]
2019-10-11 09:56:26 INFO  main org.apache.catalina.core.StandardService Starting service [Tomcat]
2019-10-11 09:56:26 INFO  main org.apache.catalina.core.StandardEngine Starting Servlet engine: [Apache Tomcat/9.0.21]
2019-10-11 09:56:26 INFO  main org.apache.catalina.core.ContainerBase.[Tomcat].[localhost].[/] Initializing Spring embedded WebApplicationContext
2019-10-11 09:56:26 INFO  main org.springframework.web.context.ContextLoader Root WebApplicationContext: initialization completed in 1516 ms
2019-10-11 09:56:26 INFO  main com.netflix.config.sources.URLConfigurationSource To enable URLs as dynamic configuration sources, define System property archaius.configurationSource.additionalUrls or make config.properties available on classpath.
2019-10-11 09:56:26 INFO  main com.netflix.config.DynamicPropertyFactory DynamicPropertyFactory is initialized with configuration sources: com.netflix.config.ConcurrentCompositeConfiguration@4d4436d0
2019-10-11 09:56:34 INFO  main com.netflix.config.sources.URLConfigurationSource To enable URLs as dynamic configuration sources, define System property archaius.configurationSource.additionalUrls or make config.properties available on classpath.
2019-10-11 09:56:40 INFO  main org.springframework.scheduling.concurrent.ThreadPoolTaskExecutor Initializing ExecutorService 'applicationTaskExecutor'
2019-10-11 09:56:40 INFO  main org.springframework.boot.actuate.endpoint.web.EndpointLinksResolver Exposing 19 endpoint(s) beneath base path '/actuator'
2019-10-11 09:56:41 INFO  main org.springframework.cloud.netflix.eureka.InstanceInfoFactory Setting initial instance status as: STARTING
2019-10-11 09:56:41 INFO  main com.netflix.discovery.DiscoveryClient Initializing Eureka in region us-east-1
2019-10-11 09:56:41 INFO  main com.netflix.discovery.provider.DiscoveryJerseyProvider Using JSON encoding codec LegacyJacksonJson
2019-10-11 09:56:41 INFO  main com.netflix.discovery.provider.DiscoveryJerseyProvider Using JSON decoding codec LegacyJacksonJson
2019-10-11 09:56:41 INFO  main com.netflix.discovery.provider.DiscoveryJerseyProvider Using XML encoding codec XStreamXml
2019-10-11 09:56:41 INFO  main com.netflix.discovery.provider.DiscoveryJerseyProvider Using XML decoding codec XStreamXml
2019-10-11 09:56:41 INFO  main com.netflix.discovery.shared.resolver.aws.ConfigClusterResolver Resolving eureka endpoints via configuration
2019-10-11 09:56:41 INFO  main com.netflix.discovery.DiscoveryClient Disable delta property : false
2019-10-11 09:56:41 INFO  main com.netflix.discovery.DiscoveryClient Single vip registry refresh property : null
2019-10-11 09:56:41 INFO  main com.netflix.discovery.DiscoveryClient Force full registry fetch : false
2019-10-11 09:56:41 INFO  main com.netflix.discovery.DiscoveryClient Application is null : false
2019-10-11 09:56:41 INFO  main com.netflix.discovery.DiscoveryClient Registered Applications size is zero : true
2019-10-11 09:56:41 INFO  main com.netflix.discovery.DiscoveryClient Application version is -1: true
2019-10-11 09:56:41 INFO  main com.netflix.discovery.DiscoveryClient Getting all instance registry info from the eureka server
2019-10-11 09:56:42 INFO  main com.netflix.discovery.DiscoveryClient The response status is 200
2019-10-11 09:56:42 INFO  main com.netflix.discovery.DiscoveryClient Starting heartbeat executor: renew interval is: 30
2019-10-11 09:56:42 INFO  main com.netflix.discovery.InstanceInfoReplicator InstanceInfoReplicator onDemand update allowed rate per min is 4
2019-10-11 09:56:42 INFO  main com.netflix.discovery.DiscoveryClient Discovery Client initialized at timestamp 1570759002201 with initial instances count: 3
2019-10-11 09:56:42 INFO  main org.springframework.cloud.netflix.eureka.serviceregistry.EurekaServiceRegistry Registering application FW-SERVICE-B with eureka with status UP
2019-10-11 09:56:42 INFO  main com.netflix.discovery.DiscoveryClient Saw local status change event StatusChangeEvent [timestamp=1570759002204, current=UP, previous=STARTING]
2019-10-11 09:56:42 INFO  DiscoveryClient-InstanceInfoReplicator-0 com.netflix.discovery.DiscoveryClient DiscoveryClient_FW-SERVICE-B/BZCKR7HP2.baozun.cn:fw-service-b:8764: registering service...
2019-10-11 09:56:42 INFO  main org.apache.coyote.http11.Http11NioProtocol Starting ProtocolHandler ["http-nio-8764"]
2019-10-11 09:56:42 INFO  main org.apache.coyote.http11.Http11NioProtocol Pausing ProtocolHandler ["http-nio-8764"]
2019-10-11 09:56:42 INFO  main org.apache.catalina.core.StandardService Stopping service [Tomcat]
2019-10-11 09:56:42 INFO  DiscoveryClient-InstanceInfoReplicator-0 com.netflix.discovery.DiscoveryClient DiscoveryClient_FW-SERVICE-B/BZCKR7HP2.baozun.cn:fw-service-b:8764 - registration status: 204
2019-10-11 09:56:42 INFO  main org.apache.catalina.util.LifecycleBase The stop() method was called on component [StandardServer[-1]] after stop() had already been called. The second call will be ignored.
2019-10-11 09:56:42 INFO  main org.apache.coyote.http11.Http11NioProtocol Stopping ProtocolHandler ["http-nio-8764"]
2019-10-11 09:56:42 INFO  main org.apache.coyote.http11.Http11NioProtocol Destroying ProtocolHandler ["http-nio-8764"]
2019-10-11 09:56:42 INFO  main org.springframework.boot.autoconfigure.logging.ConditionEvaluationReportLoggingListener 

Error starting ApplicationContext. To display the conditions report re-run your application with 'debug' enabled.
2019-10-11 09:56:42 INFO  main org.springframework.cloud.netflix.eureka.serviceregistry.EurekaServiceRegistry Unregistering application FW-SERVICE-B with eureka with status DOWN
2019-10-11 09:56:42 INFO  DiscoveryClient-InstanceInfoReplicator-0 com.netflix.discovery.DiscoveryClient DiscoveryClient_FW-SERVICE-B/BZCKR7HP2.baozun.cn:fw-service-b:8764: registering service...
2019-10-11 09:56:42 INFO  main org.springframework.scheduling.concurrent.ThreadPoolTaskExecutor Shutting down ExecutorService 'applicationTaskExecutor'
2019-10-11 09:56:42 INFO  DiscoveryClient-InstanceInfoReplicator-0 com.netflix.discovery.DiscoveryClient DiscoveryClient_FW-SERVICE-B/BZCKR7HP2.baozun.cn:fw-service-b:8764 - registration status: 204
2019-10-11 09:56:42 INFO  main com.netflix.discovery.DiscoveryClient Shutting down DiscoveryClient ...
2019-10-11 09:56:45 INFO  main com.netflix.discovery.DiscoveryClient Unregistering ...
2019-10-11 09:56:45 INFO  main com.netflix.discovery.DiscoveryClient DiscoveryClient_FW-SERVICE-B/BZCKR7HP2.baozun.cn:fw-service-b:8764 - deregister  status: 200
2019-10-11 09:56:45 INFO  main com.netflix.discovery.DiscoveryClient Completed shut down of DiscoveryClient
2019-10-11 09:58:46 INFO  main org.springframework.context.support.PostProcessorRegistrationDelegate$BeanPostProcessorChecker Bean 'org.springframework.cloud.autoconfigure.ConfigurationPropertiesRebinderAutoConfiguration' of type [org.springframework.cloud.autoconfigure.ConfigurationPropertiesRebinderAutoConfiguration$$EnhancerBySpringCGLIB$$b23dda4a] is not eligible for getting processed by all BeanPostProcessors (for example: not eligible for auto-proxying)
2019-10-11 09:58:47 INFO  main com.yisu.service.FwServiceBApplication No active profile set, falling back to default profiles: default
2019-10-11 09:58:48 INFO  main org.springframework.cloud.context.scope.GenericScope BeanFactory id=fca7d4f2-bd06-3388-8173-8f5be8d5d285
2019-10-11 09:58:48 INFO  main org.springframework.context.support.PostProcessorRegistrationDelegate$BeanPostProcessorChecker Bean 'org.springframework.cloud.autoconfigure.ConfigurationPropertiesRebinderAutoConfiguration' of type [org.springframework.cloud.autoconfigure.ConfigurationPropertiesRebinderAutoConfiguration$$EnhancerBySpringCGLIB$$b23dda4a] is not eligible for getting processed by all BeanPostProcessors (for example: not eligible for auto-proxying)
2019-10-11 09:58:48 INFO  main org.springframework.boot.web.embedded.tomcat.TomcatWebServer Tomcat initialized with port(s): 8765 (http)
2019-10-11 09:58:48 INFO  main org.apache.coyote.http11.Http11NioProtocol Initializing ProtocolHandler ["http-nio-8765"]
2019-10-11 09:58:48 INFO  main org.apache.catalina.core.StandardService Starting service [Tomcat]
2019-10-11 09:58:48 INFO  main org.apache.catalina.core.StandardEngine Starting Servlet engine: [Apache Tomcat/9.0.21]
2019-10-11 09:58:48 INFO  main org.apache.catalina.core.ContainerBase.[Tomcat].[localhost].[/] Initializing Spring embedded WebApplicationContext
2019-10-11 09:58:48 INFO  main org.springframework.web.context.ContextLoader Root WebApplicationContext: initialization completed in 1663 ms
2019-10-11 09:58:48 INFO  main com.netflix.config.sources.URLConfigurationSource To enable URLs as dynamic configuration sources, define System property archaius.configurationSource.additionalUrls or make config.properties available on classpath.
2019-10-11 09:58:48 INFO  main com.netflix.config.DynamicPropertyFactory DynamicPropertyFactory is initialized with configuration sources: com.netflix.config.ConcurrentCompositeConfiguration@5529ff44
2019-10-11 09:58:53 INFO  main com.netflix.config.sources.URLConfigurationSource To enable URLs as dynamic configuration sources, define System property archaius.configurationSource.additionalUrls or make config.properties available on classpath.
2019-10-11 09:58:53 INFO  main org.springframework.scheduling.concurrent.ThreadPoolTaskExecutor Initializing ExecutorService 'applicationTaskExecutor'
2019-10-11 09:58:53 INFO  main org.springframework.boot.actuate.endpoint.web.EndpointLinksResolver Exposing 19 endpoint(s) beneath base path '/actuator'
2019-10-11 09:58:53 INFO  main org.springframework.cloud.netflix.eureka.InstanceInfoFactory Setting initial instance status as: STARTING
2019-10-11 09:58:53 INFO  main com.netflix.discovery.DiscoveryClient Initializing Eureka in region us-east-1
2019-10-11 09:58:54 INFO  main com.netflix.discovery.provider.DiscoveryJerseyProvider Using JSON encoding codec LegacyJacksonJson
2019-10-11 09:58:54 INFO  main com.netflix.discovery.provider.DiscoveryJerseyProvider Using JSON decoding codec LegacyJacksonJson
2019-10-11 09:58:54 INFO  main com.netflix.discovery.provider.DiscoveryJerseyProvider Using XML encoding codec XStreamXml
2019-10-11 09:58:54 INFO  main com.netflix.discovery.provider.DiscoveryJerseyProvider Using XML decoding codec XStreamXml
2019-10-11 09:58:54 INFO  main com.netflix.discovery.shared.resolver.aws.ConfigClusterResolver Resolving eureka endpoints via configuration
2019-10-11 09:58:54 INFO  main com.netflix.discovery.DiscoveryClient Disable delta property : false
2019-10-11 09:58:54 INFO  main com.netflix.discovery.DiscoveryClient Single vip registry refresh property : null
2019-10-11 09:58:54 INFO  main com.netflix.discovery.DiscoveryClient Force full registry fetch : false
2019-10-11 09:58:54 INFO  main com.netflix.discovery.DiscoveryClient Application is null : false
2019-10-11 09:58:54 INFO  main com.netflix.discovery.DiscoveryClient Registered Applications size is zero : true
2019-10-11 09:58:54 INFO  main com.netflix.discovery.DiscoveryClient Application version is -1: true
2019-10-11 09:58:54 INFO  main com.netflix.discovery.DiscoveryClient Getting all instance registry info from the eureka server
2019-10-11 09:58:54 INFO  main com.netflix.discovery.DiscoveryClient The response status is 200
2019-10-11 09:58:54 INFO  main com.netflix.discovery.DiscoveryClient Starting heartbeat executor: renew interval is: 30
2019-10-11 09:58:54 INFO  main com.netflix.discovery.InstanceInfoReplicator InstanceInfoReplicator onDemand update allowed rate per min is 4
2019-10-11 09:58:54 INFO  main com.netflix.discovery.DiscoveryClient Discovery Client initialized at timestamp 1570759134737 with initial instances count: 3
2019-10-11 09:58:54 INFO  main org.springframework.cloud.netflix.eureka.serviceregistry.EurekaServiceRegistry Registering application FW-SERVICE-B with eureka with status UP
2019-10-11 09:58:54 INFO  main com.netflix.discovery.DiscoveryClient Saw local status change event StatusChangeEvent [timestamp=1570759134740, current=UP, previous=STARTING]
2019-10-11 09:58:54 INFO  DiscoveryClient-InstanceInfoReplicator-0 com.netflix.discovery.DiscoveryClient DiscoveryClient_FW-SERVICE-B/BZCKR7HP2.baozun.cn:fw-service-b:8765: registering service...
2019-10-11 09:58:54 INFO  main org.apache.coyote.http11.Http11NioProtocol Starting ProtocolHandler ["http-nio-8765"]
2019-10-11 09:58:54 INFO  DiscoveryClient-InstanceInfoReplicator-0 com.netflix.discovery.DiscoveryClient DiscoveryClient_FW-SERVICE-B/BZCKR7HP2.baozun.cn:fw-service-b:8765 - registration status: 204
2019-10-11 09:58:54 INFO  main org.springframework.boot.web.embedded.tomcat.TomcatWebServer Tomcat started on port(s): 8765 (http) with context path ''
2019-10-11 09:58:54 INFO  main org.springframework.cloud.netflix.eureka.serviceregistry.EurekaAutoServiceRegistration Updating port to 8765
2019-10-11 09:58:54 INFO  main com.yisu.service.FwServiceBApplication Started FwServiceBApplication in 8.785 seconds (JVM running for 13.231)
2019-10-11 09:58:55 INFO  RMI TCP Connection(2)-10.8.35.192 org.apache.catalina.core.ContainerBase.[Tomcat].[localhost].[/] Initializing Spring DispatcherServlet 'dispatcherServlet'
2019-10-11 09:58:55 INFO  RMI TCP Connection(2)-10.8.35.192 org.springframework.web.servlet.DispatcherServlet Initializing Servlet 'dispatcherServlet'
2019-10-11 09:58:55 INFO  RMI TCP Connection(2)-10.8.35.192 org.springframework.web.servlet.DispatcherServlet Completed initialization in 8 ms
2019-10-11 10:03:54 INFO  AsyncResolver-bootstrap-executor-0 com.netflix.discovery.shared.resolver.aws.ConfigClusterResolver Resolving eureka endpoints via configuration
2019-10-11 10:08:54 INFO  AsyncResolver-bootstrap-executor-0 com.netflix.discovery.shared.resolver.aws.ConfigClusterResolver Resolving eureka endpoints via configuration
2019-10-11 10:13:54 INFO  AsyncResolver-bootstrap-executor-0 com.netflix.discovery.shared.resolver.aws.ConfigClusterResolver Resolving eureka endpoints via configuration
2019-10-11 10:18:54 INFO  AsyncResolver-bootstrap-executor-0 com.netflix.discovery.shared.resolver.aws.ConfigClusterResolver Resolving eureka endpoints via configuration
2019-10-11 10:23:54 INFO  AsyncResolver-bootstrap-executor-0 com.netflix.discovery.shared.resolver.aws.ConfigClusterResolver Resolving eureka endpoints via configuration
2019-10-11 10:28:54 INFO  AsyncResolver-bootstrap-executor-0 com.netflix.discovery.shared.resolver.aws.ConfigClusterResolver Resolving eureka endpoints via configuration
2019-10-11 10:29:40 INFO  Thread-12 org.springframework.cloud.netflix.eureka.serviceregistry.EurekaServiceRegistry Unregistering application FW-SERVICE-B with eureka with status DOWN
2019-10-11 10:29:40 INFO  DiscoveryClient-InstanceInfoReplicator-0 com.netflix.discovery.DiscoveryClient DiscoveryClient_FW-SERVICE-B/BZCKR7HP2.baozun.cn:fw-service-b:8765: registering service...
2019-10-11 10:29:40 INFO  DiscoveryClient-InstanceInfoReplicator-0 com.netflix.discovery.DiscoveryClient DiscoveryClient_FW-SERVICE-B/BZCKR7HP2.baozun.cn:fw-service-b:8765 - registration status: 204
2019-10-11 10:29:40 INFO  Thread-12 org.springframework.scheduling.concurrent.ThreadPoolTaskExecutor Shutting down ExecutorService 'applicationTaskExecutor'
2019-10-11 10:29:40 INFO  Thread-12 com.netflix.discovery.DiscoveryClient Shutting down DiscoveryClient ...
2019-10-11 10:29:43 INFO  Thread-12 com.netflix.discovery.DiscoveryClient Unregistering ...
2019-10-11 10:29:48 INFO  Thread-12 com.netflix.discovery.DiscoveryClient Completed shut down of DiscoveryClient
