2019-10-11 09:54:03 INFO  main org.springframework.context.support.PostProcessorRegistrationDelegate$BeanPostProcessorChecker Bean 'org.springframework.cloud.autoconfigure.ConfigurationPropertiesRebinderAutoConfiguration' of type [org.springframework.cloud.autoconfigure.ConfigurationPropertiesRebinderAutoConfiguration$$EnhancerBySpringCGLIB$$a1c50d96] is not eligible for getting processed by all BeanPostProcessors (for example: not eligible for auto-proxying)
2019-10-11 09:54:03 INFO  main com.yisu.boot.BootAdminEurekaApplication No active profile set, falling back to default profiles: default
2019-10-11 09:54:05 INFO  main org.springframework.cloud.context.scope.GenericScope BeanFactory id=e8e8161e-a0bb-36e7-8d18-7eb3b52ac0c3
2019-10-11 09:54:05 INFO  main org.springframework.context.support.PostProcessorRegistrationDelegate$BeanPostProcessorChecker Bean 'org.springframework.cloud.autoconfigure.ConfigurationPropertiesRebinderAutoConfiguration' of type [org.springframework.cloud.autoconfigure.ConfigurationPropertiesRebinderAutoConfiguration$$EnhancerBySpringCGLIB$$a1c50d96] is not eligible for getting processed by all BeanPostProcessors (for example: not eligible for auto-proxying)
2019-10-11 09:54:05 INFO  main org.springframework.boot.web.embedded.tomcat.TomcatWebServer Tomcat initialized with port(s): 8762 (http)
2019-10-11 09:54:05 INFO  main org.apache.coyote.http11.Http11NioProtocol Initializing ProtocolHandler ["http-nio-8762"]
2019-10-11 09:54:05 INFO  main org.apache.catalina.core.StandardService Starting service [Tomcat]
2019-10-11 09:54:05 INFO  main org.apache.catalina.core.StandardEngine Starting Servlet engine: [Apache Tomcat/9.0.21]
2019-10-11 09:54:05 INFO  main org.apache.catalina.core.ContainerBase.[Tomcat].[localhost].[/] Initializing Spring embedded WebApplicationContext
2019-10-11 09:54:05 INFO  main org.springframework.web.context.ContextLoader Root WebApplicationContext: initialization completed in 2188 ms
2019-10-11 09:54:05 INFO  main com.netflix.config.sources.URLConfigurationSource To enable URLs as dynamic configuration sources, define System property archaius.configurationSource.additionalUrls or make config.properties available on classpath.
2019-10-11 09:54:05 INFO  main com.netflix.config.DynamicPropertyFactory DynamicPropertyFactory is initialized with configuration sources: com.netflix.config.ConcurrentCompositeConfiguration@7b8ea1db
2019-10-11 09:54:06 INFO  main org.springframework.boot.actuate.endpoint.web.ServletEndpointRegistrar Registered '/actuator/jolokia' to jolokia-actuator-endpoint
2019-10-11 09:54:06 INFO  main com.netflix.config.sources.URLConfigurationSource To enable URLs as dynamic configuration sources, define System property archaius.configurationSource.additionalUrls or make config.properties available on classpath.
2019-10-11 09:54:06 INFO  main org.springframework.scheduling.concurrent.ThreadPoolTaskExecutor Initializing ExecutorService 'applicationTaskExecutor'
2019-10-11 09:54:08 INFO  main org.springframework.security.web.DefaultSecurityFilterChain Creating filter chain: any request, [org.springframework.security.web.context.request.async.WebAsyncManagerIntegrationFilter@7bbd76b8, org.springframework.security.web.context.SecurityContextPersistenceFilter@3b01897f, org.springframework.security.web.header.HeaderWriterFilter@f08d676, org.springframework.security.web.authentication.logout.LogoutFilter@fb5d334, org.springframework.security.web.authentication.UsernamePasswordAuthenticationFilter@1a66be41, org.springframework.security.web.authentication.www.BasicAuthenticationFilter@105ffc58, org.springframework.security.web.savedrequest.RequestCacheAwareFilter@28b5d5dc, org.springframework.security.web.servletapi.SecurityContextHolderAwareRequestFilter@77cc6a28, org.springframework.security.web.authentication.AnonymousAuthenticationFilter@2248d140, org.springframework.security.web.session.SessionManagementFilter@478089b6, org.springframework.security.web.access.ExceptionTranslationFilter@6bc25ac2, org.springframework.security.web.access.intercept.FilterSecurityInterceptor@23a78c77]
2019-10-11 09:54:08 INFO  main org.springframework.boot.actuate.endpoint.web.EndpointLinksResolver Exposing 20 endpoint(s) beneath base path '/actuator'
2019-10-11 09:54:08 INFO  main org.springframework.cloud.netflix.eureka.InstanceInfoFactory Setting initial instance status as: STARTING
2019-10-11 09:54:08 INFO  main com.netflix.discovery.DiscoveryClient Initializing Eureka in region us-east-1
2019-10-11 09:54:08 INFO  main com.netflix.discovery.provider.DiscoveryJerseyProvider Using JSON encoding codec LegacyJacksonJson
2019-10-11 09:54:08 INFO  main com.netflix.discovery.provider.DiscoveryJerseyProvider Using JSON decoding codec LegacyJacksonJson
2019-10-11 09:54:08 INFO  main com.netflix.discovery.provider.DiscoveryJerseyProvider Using XML encoding codec XStreamXml
2019-10-11 09:54:08 INFO  main com.netflix.discovery.provider.DiscoveryJerseyProvider Using XML decoding codec XStreamXml
2019-10-11 09:54:09 INFO  main com.netflix.discovery.shared.resolver.aws.ConfigClusterResolver Resolving eureka endpoints via configuration
2019-10-11 09:54:09 INFO  main com.netflix.discovery.DiscoveryClient Disable delta property : false
2019-10-11 09:54:09 INFO  main com.netflix.discovery.DiscoveryClient Single vip registry refresh property : null
2019-10-11 09:54:09 INFO  main com.netflix.discovery.DiscoveryClient Force full registry fetch : false
2019-10-11 09:54:09 INFO  main com.netflix.discovery.DiscoveryClient Application is null : false
2019-10-11 09:54:09 INFO  main com.netflix.discovery.DiscoveryClient Registered Applications size is zero : true
2019-10-11 09:54:09 INFO  main com.netflix.discovery.DiscoveryClient Application version is -1: true
2019-10-11 09:54:09 INFO  main com.netflix.discovery.DiscoveryClient Getting all instance registry info from the eureka server
2019-10-11 09:54:09 INFO  main com.netflix.discovery.DiscoveryClient The response status is 200
2019-10-11 09:54:09 INFO  main com.netflix.discovery.DiscoveryClient Starting heartbeat executor: renew interval is: 10
2019-10-11 09:54:09 INFO  main com.netflix.discovery.InstanceInfoReplicator InstanceInfoReplicator onDemand update allowed rate per min is 4
2019-10-11 09:54:09 INFO  main com.netflix.discovery.DiscoveryClient Discovery Client initialized at timestamp 1570758849344 with initial instances count: 1
2019-10-11 09:54:09 INFO  main org.springframework.cloud.netflix.eureka.serviceregistry.EurekaServiceRegistry Registering application FW-ADMIN-SERVER with eureka with status UP
2019-10-11 09:54:09 INFO  main com.netflix.discovery.DiscoveryClient Saw local status change event StatusChangeEvent [timestamp=1570758849347, current=UP, previous=STARTING]
2019-10-11 09:54:09 INFO  DiscoveryClient-InstanceInfoReplicator-0 com.netflix.discovery.DiscoveryClient DiscoveryClient_FW-ADMIN-SERVER/BZCKR7HP2.baozun.cn:fw-admin-server:8762: registering service...
2019-10-11 09:54:09 INFO  DiscoveryClient-InstanceInfoReplicator-0 com.netflix.discovery.DiscoveryClient DiscoveryClient_FW-ADMIN-SERVER/BZCKR7HP2.baozun.cn:fw-admin-server:8762 - registration status: 204
2019-10-11 09:54:09 INFO  main org.apache.coyote.http11.Http11NioProtocol Starting ProtocolHandler ["http-nio-8762"]
2019-10-11 09:54:09 INFO  main org.springframework.boot.web.embedded.tomcat.TomcatWebServer Tomcat started on port(s): 8762 (http) with context path ''
2019-10-11 09:54:09 INFO  main org.springframework.cloud.netflix.eureka.serviceregistry.EurekaAutoServiceRegistration Updating port to 8762
2019-10-11 09:54:09 INFO  main com.yisu.boot.BootAdminEurekaApplication Started BootAdminEurekaApplication in 7.44 seconds (JVM running for 9.628)
2019-10-11 09:54:10 INFO  RMI TCP Connection(2)-10.8.35.192 org.apache.catalina.core.ContainerBase.[Tomcat].[localhost].[/] Initializing Spring DispatcherServlet 'dispatcherServlet'
2019-10-11 09:54:10 INFO  RMI TCP Connection(2)-10.8.35.192 org.springframework.web.servlet.DispatcherServlet Initializing Servlet 'dispatcherServlet'
2019-10-11 09:54:10 INFO  RMI TCP Connection(2)-10.8.35.192 org.springframework.web.servlet.DispatcherServlet Completed initialization in 153 ms
2019-10-11 09:54:16 INFO  Thread-22 org.springframework.cloud.netflix.eureka.serviceregistry.EurekaServiceRegistry Unregistering application FW-ADMIN-SERVER with eureka with status DOWN
2019-10-11 09:54:16 INFO  DiscoveryClient-InstanceInfoReplicator-0 com.netflix.discovery.DiscoveryClient DiscoveryClient_FW-ADMIN-SERVER/BZCKR7HP2.baozun.cn:fw-admin-server:8762: registering service...
2019-10-11 09:54:16 INFO  DiscoveryClient-InstanceInfoReplicator-0 com.netflix.discovery.DiscoveryClient DiscoveryClient_FW-ADMIN-SERVER/BZCKR7HP2.baozun.cn:fw-admin-server:8762 - registration status: 204
2019-10-11 09:54:17 INFO  Thread-22 org.springframework.scheduling.concurrent.ThreadPoolTaskExecutor Shutting down ExecutorService 'applicationTaskExecutor'
2019-10-11 09:54:17 INFO  Thread-22 com.netflix.discovery.DiscoveryClient Shutting down DiscoveryClient ...
2019-10-11 09:54:20 INFO  Thread-22 com.netflix.discovery.DiscoveryClient Unregistering ...
2019-10-11 09:54:20 INFO  Thread-22 com.netflix.discovery.DiscoveryClient DiscoveryClient_FW-ADMIN-SERVER/BZCKR7HP2.baozun.cn:fw-admin-server:8762 - deregister  status: 200
2019-10-11 09:54:20 INFO  Thread-22 com.netflix.discovery.DiscoveryClient Completed shut down of DiscoveryClient
2019-10-11 09:55:17 INFO  main org.springframework.context.support.PostProcessorRegistrationDelegate$BeanPostProcessorChecker Bean 'org.springframework.cloud.autoconfigure.ConfigurationPropertiesRebinderAutoConfiguration' of type [org.springframework.cloud.autoconfigure.ConfigurationPropertiesRebinderAutoConfiguration$$EnhancerBySpringCGLIB$$b4f65348] is not eligible for getting processed by all BeanPostProcessors (for example: not eligible for auto-proxying)
2019-10-11 09:55:17 INFO  main com.yisu.boot.FwBootAdminEurekaApplication No active profile set, falling back to default profiles: default
2019-10-11 09:55:18 INFO  main org.springframework.cloud.context.scope.GenericScope BeanFactory id=ec178948-45ee-324a-a849-6cb3e4447f4d
2019-10-11 09:55:18 INFO  main org.springframework.context.support.PostProcessorRegistrationDelegate$BeanPostProcessorChecker Bean 'org.springframework.cloud.autoconfigure.ConfigurationPropertiesRebinderAutoConfiguration' of type [org.springframework.cloud.autoconfigure.ConfigurationPropertiesRebinderAutoConfiguration$$EnhancerBySpringCGLIB$$b4f65348] is not eligible for getting processed by all BeanPostProcessors (for example: not eligible for auto-proxying)
2019-10-11 09:55:19 INFO  main org.springframework.boot.web.embedded.tomcat.TomcatWebServer Tomcat initialized with port(s): 8762 (http)
2019-10-11 09:55:19 INFO  main org.apache.coyote.http11.Http11NioProtocol Initializing ProtocolHandler ["http-nio-8762"]
2019-10-11 09:55:19 INFO  main org.apache.catalina.core.StandardService Starting service [Tomcat]
2019-10-11 09:55:19 INFO  main org.apache.catalina.core.StandardEngine Starting Servlet engine: [Apache Tomcat/9.0.21]
2019-10-11 09:55:19 INFO  main org.apache.catalina.core.ContainerBase.[Tomcat].[localhost].[/] Initializing Spring embedded WebApplicationContext
2019-10-11 09:55:19 INFO  main org.springframework.web.context.ContextLoader Root WebApplicationContext: initialization completed in 1718 ms
2019-10-11 09:55:19 INFO  main com.netflix.config.sources.URLConfigurationSource To enable URLs as dynamic configuration sources, define System property archaius.configurationSource.additionalUrls or make config.properties available on classpath.
2019-10-11 09:55:19 INFO  main com.netflix.config.DynamicPropertyFactory DynamicPropertyFactory is initialized with configuration sources: com.netflix.config.ConcurrentCompositeConfiguration@4d518c66
2019-10-11 09:55:20 INFO  main org.springframework.boot.actuate.endpoint.web.ServletEndpointRegistrar Registered '/actuator/jolokia' to jolokia-actuator-endpoint
2019-10-11 09:55:20 INFO  main com.netflix.config.sources.URLConfigurationSource To enable URLs as dynamic configuration sources, define System property archaius.configurationSource.additionalUrls or make config.properties available on classpath.
2019-10-11 09:55:20 INFO  main org.springframework.scheduling.concurrent.ThreadPoolTaskExecutor Initializing ExecutorService 'applicationTaskExecutor'
2019-10-11 09:55:21 INFO  main org.springframework.security.web.DefaultSecurityFilterChain Creating filter chain: any request, [org.springframework.security.web.context.request.async.WebAsyncManagerIntegrationFilter@11015ca0, org.springframework.security.web.context.SecurityContextPersistenceFilter@3c4059a, org.springframework.security.web.header.HeaderWriterFilter@6231f77a, org.springframework.security.web.authentication.logout.LogoutFilter@4ffe3d42, org.springframework.security.web.authentication.UsernamePasswordAuthenticationFilter@2f73f0c7, org.springframework.security.web.authentication.www.BasicAuthenticationFilter@40863800, org.springframework.security.web.savedrequest.RequestCacheAwareFilter@2570b316, org.springframework.security.web.servletapi.SecurityContextHolderAwareRequestFilter@ce2eaa7, org.springframework.security.web.authentication.AnonymousAuthenticationFilter@6ebbc06, org.springframework.security.web.session.SessionManagementFilter@75b363c3, org.springframework.security.web.access.ExceptionTranslationFilter@2abedbbd, org.springframework.security.web.access.intercept.FilterSecurityInterceptor@43445fc6]
2019-10-11 09:55:21 INFO  main org.springframework.boot.actuate.endpoint.web.EndpointLinksResolver Exposing 20 endpoint(s) beneath base path '/actuator'
2019-10-11 09:55:21 INFO  main org.springframework.cloud.netflix.eureka.InstanceInfoFactory Setting initial instance status as: STARTING
2019-10-11 09:55:21 INFO  main com.netflix.discovery.DiscoveryClient Initializing Eureka in region us-east-1
2019-10-11 09:55:22 INFO  main com.netflix.discovery.provider.DiscoveryJerseyProvider Using JSON encoding codec LegacyJacksonJson
2019-10-11 09:55:22 INFO  main com.netflix.discovery.provider.DiscoveryJerseyProvider Using JSON decoding codec LegacyJacksonJson
2019-10-11 09:55:22 INFO  main com.netflix.discovery.provider.DiscoveryJerseyProvider Using XML encoding codec XStreamXml
2019-10-11 09:55:22 INFO  main com.netflix.discovery.provider.DiscoveryJerseyProvider Using XML decoding codec XStreamXml
2019-10-11 09:55:22 INFO  main com.netflix.discovery.shared.resolver.aws.ConfigClusterResolver Resolving eureka endpoints via configuration
2019-10-11 09:55:22 INFO  main com.netflix.discovery.DiscoveryClient Disable delta property : false
2019-10-11 09:55:22 INFO  main com.netflix.discovery.DiscoveryClient Single vip registry refresh property : null
2019-10-11 09:55:22 INFO  main com.netflix.discovery.DiscoveryClient Force full registry fetch : false
2019-10-11 09:55:22 INFO  main com.netflix.discovery.DiscoveryClient Application is null : false
2019-10-11 09:55:22 INFO  main com.netflix.discovery.DiscoveryClient Registered Applications size is zero : true
2019-10-11 09:55:22 INFO  main com.netflix.discovery.DiscoveryClient Application version is -1: true
2019-10-11 09:55:22 INFO  main com.netflix.discovery.DiscoveryClient Getting all instance registry info from the eureka server
2019-10-11 09:55:22 INFO  main com.netflix.discovery.DiscoveryClient The response status is 200
2019-10-11 09:55:22 INFO  main com.netflix.discovery.DiscoveryClient Starting heartbeat executor: renew interval is: 10
2019-10-11 09:55:22 INFO  main com.netflix.discovery.InstanceInfoReplicator InstanceInfoReplicator onDemand update allowed rate per min is 4
2019-10-11 09:55:22 INFO  main com.netflix.discovery.DiscoveryClient Discovery Client initialized at timestamp 1570758922721 with initial instances count: 1
2019-10-11 09:55:22 INFO  main org.springframework.cloud.netflix.eureka.serviceregistry.EurekaServiceRegistry Registering application FW-ADMIN-SERVER with eureka with status UP
2019-10-11 09:55:22 INFO  main com.netflix.discovery.DiscoveryClient Saw local status change event StatusChangeEvent [timestamp=1570758922725, current=UP, previous=STARTING]
2019-10-11 09:55:22 INFO  DiscoveryClient-InstanceInfoReplicator-0 com.netflix.discovery.DiscoveryClient DiscoveryClient_FW-ADMIN-SERVER/BZCKR7HP2.baozun.cn:fw-admin-server:8762: registering service...
2019-10-11 09:55:22 INFO  DiscoveryClient-InstanceInfoReplicator-0 com.netflix.discovery.DiscoveryClient DiscoveryClient_FW-ADMIN-SERVER/BZCKR7HP2.baozun.cn:fw-admin-server:8762 - registration status: 204
2019-10-11 09:55:23 INFO  main org.apache.coyote.http11.Http11NioProtocol Starting ProtocolHandler ["http-nio-8762"]
2019-10-11 09:55:23 INFO  main org.springframework.boot.web.embedded.tomcat.TomcatWebServer Tomcat started on port(s): 8762 (http) with context path ''
2019-10-11 09:55:23 INFO  main org.springframework.cloud.netflix.eureka.serviceregistry.EurekaAutoServiceRegistration Updating port to 8762
2019-10-11 09:55:23 INFO  main com.yisu.boot.FwBootAdminEurekaApplication Started FwBootAdminEurekaApplication in 16.422 seconds (JVM running for 19.143)
2019-10-11 09:55:23 INFO  RMI TCP Connection(3)-10.8.35.192 org.apache.catalina.core.ContainerBase.[Tomcat].[localhost].[/] Initializing Spring DispatcherServlet 'dispatcherServlet'
2019-10-11 09:55:23 INFO  RMI TCP Connection(3)-10.8.35.192 org.springframework.web.servlet.DispatcherServlet Initializing Servlet 'dispatcherServlet'
2019-10-11 09:55:23 INFO  RMI TCP Connection(3)-10.8.35.192 org.springframework.web.servlet.DispatcherServlet Completed initialization in 9 ms
2019-10-11 10:00:22 INFO  AsyncResolver-bootstrap-executor-0 com.netflix.discovery.shared.resolver.aws.ConfigClusterResolver Resolving eureka endpoints via configuration
2019-10-11 10:05:22 INFO  AsyncResolver-bootstrap-executor-0 com.netflix.discovery.shared.resolver.aws.ConfigClusterResolver Resolving eureka endpoints via configuration
2019-10-11 10:10:22 INFO  AsyncResolver-bootstrap-executor-0 com.netflix.discovery.shared.resolver.aws.ConfigClusterResolver Resolving eureka endpoints via configuration
2019-10-11 10:15:22 INFO  AsyncResolver-bootstrap-executor-0 com.netflix.discovery.shared.resolver.aws.ConfigClusterResolver Resolving eureka endpoints via configuration
2019-10-11 10:20:22 INFO  AsyncResolver-bootstrap-executor-0 com.netflix.discovery.shared.resolver.aws.ConfigClusterResolver Resolving eureka endpoints via configuration
2019-10-11 10:25:22 INFO  AsyncResolver-bootstrap-executor-0 com.netflix.discovery.shared.resolver.aws.ConfigClusterResolver Resolving eureka endpoints via configuration
2019-10-11 10:29:40 INFO  Thread-43 org.springframework.cloud.netflix.eureka.serviceregistry.EurekaServiceRegistry Unregistering application FW-ADMIN-SERVER with eureka with status DOWN
2019-10-11 10:29:40 INFO  DiscoveryClient-InstanceInfoReplicator-0 com.netflix.discovery.DiscoveryClient DiscoveryClient_FW-ADMIN-SERVER/BZCKR7HP2.baozun.cn:fw-admin-server:8762: registering service...
2019-10-11 10:29:40 INFO  DiscoveryClient-InstanceInfoReplicator-0 com.netflix.discovery.DiscoveryClient DiscoveryClient_FW-ADMIN-SERVER/BZCKR7HP2.baozun.cn:fw-admin-server:8762 - registration status: 204
2019-10-11 10:29:40 INFO  Thread-43 org.springframework.scheduling.concurrent.ThreadPoolTaskExecutor Shutting down ExecutorService 'applicationTaskExecutor'
2019-10-11 10:29:40 INFO  Thread-43 com.netflix.discovery.DiscoveryClient Shutting down DiscoveryClient ...
2019-10-11 10:29:43 INFO  Thread-43 com.netflix.discovery.DiscoveryClient Unregistering ...
2019-10-11 10:29:48 INFO  Thread-43 com.netflix.discovery.DiscoveryClient Completed shut down of DiscoveryClient
